<?xml version="1.0" encoding="UTF-8"?>
<!-- Generated by org.testng.reporters.JUnitReportReporter -->
<testsuite hostname="JunePC" failures="0" tests="6" name="com.Functionalty.EndToEnd" time="21.984" errors="0" timestamp="2024-08-08T16:13:44 PDT" skipped="0">
  <testcase classname="com.Functionalty.EndToEnd" name="loginUser" time="0.504"/>
  <system-out/>
  <testcase classname="com.Functionalty.EndToEnd" name="verifyCartEmpty" time="20.121"/>
  <system-out/>
  <testcase classname="com.Functionalty.EndToEnd" name="AddElementsToTheCart" time="0.456"/>
  <system-out/>
  <testcase classname="com.Functionalty.EndToEnd" name="checkOut" time="0.191"/>
  <system-out/>
  <testcase classname="com.Functionalty.EndToEnd" name="fillForm" time="0.510"/>
  <system-out/>
  <testcase classname="com.Functionalty.EndToEnd" name="checOutCart" time="0.202"/>
  <system-out/>
</testsuite> <!-- com.Functionalty.EndToEnd -->
