<?xml version="1.0" encoding="UTF-8"?>
<!-- Generated by org.testng.reporters.JUnitReportReporter -->
<testsuite hostname="JunePC" failures="0" tests="2" name="com.Functionalty.MyAccount" time="1.280" errors="0" timestamp="2024-08-07T00:12:00 PDT" skipped="0">
  <testcase classname="com.Functionalty.MyAccount" name="loginUser" time="0.532"/>
  <system-out/>
  <testcase classname="com.Functionalty.MyAccount" name="logout" time="0.748"/>
  <system-out/>
</testsuite> <!-- com.Functionalty.MyAccount -->
