<?xml version="1.0" encoding="UTF-8"?>
<!-- Generated by org.testng.reporters.JUnitReportReporter -->
<testsuite hostname="JunePC" failures="0" tests="2" name="com.Functionalty.VerifyHomePage" time="0.168" errors="0" timestamp="2024-08-07T00:12:00 PDT" skipped="0">
  <testcase classname="com.Functionalty.VerifyHomePage" name="verifyLogoCSS" time="0.083"/>
  <system-out/>
  <testcase classname="com.Functionalty.VerifyHomePage" name="verifyHomePage" time="0.085"/>
  <system-out/>
</testsuite> <!-- com.Functionalty.VerifyHomePage -->
